This is pdfTeX, Version 3.141592653-2.6-1.40.27 (MiKTeX 25.4) (preloaded format=pdflatex 2025.10.5)  17 OCT 2025 13:29
entering extended mode
 restricted \write18 enabled.
 %&-line parsing enabled.
**./thesis.tex
(thesis.tex
LaTeX2e <2025-06-01> patch level 1
L3 programming layer <2025-09-02>
(maththesis.cls
Document Class: maththesis 
(C:\Users\User\AppData\Local\Programs\MiKTeX\tex/latex/base\report.cls
Document Class: report 2025/01/22 v1.4n Standard LaTeX document class
(C:\Users\User\AppData\Local\Programs\MiKTeX\tex/latex/base\size12.clo
File: size12.clo 2025/01/22 v1.4n Standard LaTeX file (size option)
)
\c@part=\count275
\c@chapter=\count276
\c@section=\count277
\c@subsection=\count278
\c@subsubsection=\count279
\c@paragraph=\count280
\c@subparagraph=\count281
\c@figure=\count282
\c@table=\count283
\abovecaptionskip=\skip49
\belowcaptionskip=\skip50
\bibindent=\dimen148
)
(C:\Users\User\AppData\Local\Programs\MiKTeX\tex/latex/amsfonts\amssymb.sty
Package: amssymb 2013/01/14 v3.01 AMS font symbols

(C:\Users\User\AppData\Local\Programs\MiKTeX\tex/latex/amsfonts\amsfonts.sty
Package: amsfonts 2013/01/14 v3.01 Basic AMSFonts support
\@emptytoks=\toks17
\symAMSa=\mathgroup4
\symAMSb=\mathgroup5
LaTeX Font Info:    Redeclaring math symbol \hbar on input line 98.
LaTeX Font Info:    Overwriting math alphabet `\mathfrak' in version `bold'
(Font)                  U/euf/m/n --> U/euf/b/n on input line 106.
))
(C:\Users\User\AppData\Local\Programs\MiKTeX\tex/latex/amsmath\amsmath.sty
Package: amsmath 2025/06/16 v2.17y AMS math features
\@mathmargin=\skip51

For additional information on amsmath, use the `?' option.
(C:\Users\User\AppData\Local\Programs\MiKTeX\tex/latex/amsmath\amstext.sty
Package: amstext 2024/11/17 v2.01 AMS text

(C:\Users\User\AppData\Local\Programs\MiKTeX\tex/latex/amsmath\amsgen.sty
File: amsgen.sty 1999/11/30 v2.0 generic functions
\@emptytoks=\toks18
\ex@=\dimen149
))
(C:\Users\User\AppData\Local\Programs\MiKTeX\tex/latex/amsmath\amsbsy.sty
Package: amsbsy 1999/11/29 v1.2d Bold Symbols
\pmbraise@=\dimen150
)
(C:\Users\User\AppData\Local\Programs\MiKTeX\tex/latex/amsmath\amsopn.sty
Package: amsopn 2022/04/08 v2.04 operator names
)
\inf@bad=\count284
LaTeX Info: Redefining \frac on input line 233.
\uproot@=\count285
\leftroot@=\count286
LaTeX Info: Redefining \overline on input line 398.
LaTeX Info: Redefining \colon on input line 409.
\classnum@=\count287
\DOTSCASE@=\count288
LaTeX Info: Redefining \ldots on input line 495.
LaTeX Info: Redefining \dots on input line 498.
LaTeX Info: Redefining \cdots on input line 619.
\Mathstrutbox@=\box53
\strutbox@=\box54
LaTeX Info: Redefining \big on input line 721.
LaTeX Info: Redefining \Big on input line 722.
LaTeX Info: Redefining \bigg on input line 723.
LaTeX Info: Redefining \Bigg on input line 724.
\big@size=\dimen151
LaTeX Font Info:    Redeclaring font encoding OML on input line 742.
LaTeX Font Info:    Redeclaring font encoding OMS on input line 743.
\macc@depth=\count289
LaTeX Info: Redefining \bmod on input line 904.
LaTeX Info: Redefining \pmod on input line 909.
LaTeX Info: Redefining \smash on input line 939.
LaTeX Info: Redefining \relbar on input line 969.
LaTeX Info: Redefining \Relbar on input line 970.
\c@MaxMatrixCols=\count290
\dotsspace@=\muskip17
\c@parentequation=\count291
\dspbrk@lvl=\count292
\tag@help=\toks19
\row@=\count293
\column@=\count294
\maxfields@=\count295
\andhelp@=\toks20
\eqnshift@=\dimen152
\alignsep@=\dimen153
\tagshift@=\dimen154
\tagwidth@=\dimen155
\totwidth@=\dimen156
\lineht@=\dimen157
\@envbody=\toks21
\multlinegap=\skip52
\multlinetaggap=\skip53
\mathdisplay@stack=\toks22
LaTeX Info: Redefining \[ on input line 2949.
LaTeX Info: Redefining \] on input line 2950.
)
(C:\Users\User\AppData\Local\Programs\MiKTeX\tex/latex/tools\indentfirst.sty
Package: indentfirst 2023/07/02 v1.03 Indent first paragraph (DPC)
)
(C:\Users\User\AppData\Local\Programs\MiKTeX\tex/latex/base\ifthen.sty
Package: ifthen 2024/03/16 v1.1e Standard LaTeX ifthen package (DPC)
))
(commands.tex
(C:\Users\User\AppData\Local\Programs\MiKTeX\tex/latex/colortbl\colortbl.sty
Package: colortbl 2024/10/29 v1.0k Color table columns (DPC)

(C:\Users\User\AppData\Local\Programs\MiKTeX\tex/latex/tools\array.sty
Package: array 2025/06/08 v2.6j Tabular extension package (FMi)
\col@sep=\dimen158
\ar@mcellbox=\box55
\extrarowheight=\dimen159
\NC@list=\toks23
\extratabsurround=\skip54
\backup@length=\skip55
\ar@cellbox=\box56
)
(C:\Users\User\AppData\Local\Programs\MiKTeX\tex/latex/graphics\color.sty
Package: color 2025/01/14 v1.3e Standard LaTeX Color (DPC)

(C:\Users\User\AppData\Local\Programs\MiKTeX\tex/latex/graphics-cfg\color.cfg
File: color.cfg 2016/01/02 v1.6 sample color configuration
)
Package color Info: Driver file: pdftex.def on input line 149.

(C:\Users\User\AppData\Local\Programs\MiKTeX\tex/latex/graphics-def\pdftex.def
File: pdftex.def 2024/04/13 v1.2c Graphics/color driver for pdftex
) (C:\Users\User\AppData\Local\Programs\MiKTeX\tex/latex/graphics\mathcolor.ltx
))
\everycr=\toks24
\minrowclearance=\skip56
\rownum=\count296
) (C:\Users\User\AppData\Local\Programs\MiKTeX\tex/latex/base\textcomp.sty
Package: textcomp 2024/04/24 v2.1b Standard LaTeX package
)
(C:\Users\User\AppData\Local\Programs\MiKTeX\tex/latex/apacite\apacite.sty
Package: apacite 2013/07/21 v6.03 APA citation
\c@BibCnt=\count297
\bibleftmargin=\skip57
\bibindent=\skip58
\bibparsep=\skip59
\bibitemsep=\skip60
\biblabelsep=\skip61
)
(C:\Users\User\AppData\Local\Programs\MiKTeX\tex/latex/natbib\natbib.sty
Package: natbib 2010/09/13 8.31b (PWD, AO)
\bibhang=\skip62
\bibsep=\skip63
LaTeX Info: Redefining \cite on input line 694.
LaTeX Info: Redefining \citeauthor on input line 712.
LaTeX Info: Redefining \citeyear on input line 735.
\c@NAT@ctr=\count298
)
(C:\Users\User\AppData\Local\Programs\MiKTeX\tex/latex/jknappen\mathrsfs.sty
Package: mathrsfs 1996/01/01 Math RSFS package v1.0 (jk)
\symrsfs=\mathgroup6
)
(C:\Users\User\AppData\Local\Programs\MiKTeX\tex/latex/base\latexsym.sty
Package: latexsym 1998/08/17 v2.2e Standard LaTeX package (lasy symbols)
\symlasy=\mathgroup7
LaTeX Font Info:    Overwriting symbol font `lasy' in version `bold'
(Font)                  U/lasy/m/n --> U/lasy/b/n on input line 52.
)
(C:\Users\User\AppData\Local\Programs\MiKTeX\tex/latex/wasysym\wasysym.sty
Package: wasysym 2020/01/19 v2.4 Wasy-2 symbol support package
\symwasy=\mathgroup8
LaTeX Font Info:    Overwriting symbol font `wasy' in version `bold'
(Font)                  U/wasy/m/n --> U/wasy/b/n on input line 93.
)
(C:\Users\User\AppData\Local\Programs\MiKTeX\tex/latex/graphics\graphicx.sty
Package: graphicx 2024/12/31 v1.2e Enhanced LaTeX Graphics (DPC,SPQR)

(C:\Users\User\AppData\Local\Programs\MiKTeX\tex/latex/graphics\keyval.sty
Package: keyval 2022/05/29 v1.15 key=value parser (DPC)
\KV@toks@=\toks25
)
(C:\Users\User\AppData\Local\Programs\MiKTeX\tex/latex/graphics\graphics.sty
Package: graphics 2024/08/06 v1.4g Standard LaTeX Graphics (DPC,SPQR)

(C:\Users\User\AppData\Local\Programs\MiKTeX\tex/latex/graphics\trig.sty
Package: trig 2023/12/02 v1.11 sin cos tan (DPC)
)
(C:\Users\User\AppData\Local\Programs\MiKTeX\tex/latex/graphics-cfg\graphics.cf
g
File: graphics.cfg 2016/06/04 v1.11 sample graphics configuration
)
Package graphics Info: Driver file: pdftex.def on input line 106.
)
\Gin@req@height=\dimen160
\Gin@req@width=\dimen161
)
(C:\Users\User\AppData\Local\Programs\MiKTeX\tex/latex/enumitem\enumitem.sty
Package: enumitem 2025/02/06 v3.11 Customized lists
\labelindent=\skip64
\enit@outerparindent=\dimen162
\enit@toks=\toks26
\enit@inbox=\box57
\enit@count@id=\count299
\enitdp@description=\count300
)
(C:\Users\User\AppData\Local\Programs\MiKTeX\tex/latex/caption\caption.sty
Package: caption 2023/08/05 v3.6o Customizing captions (AR)

(C:\Users\User\AppData\Local\Programs\MiKTeX\tex/latex/caption\caption3.sty
Package: caption3 2023/07/31 v2.4d caption3 kernel (AR)
\caption@tempdima=\dimen163
\captionmargin=\dimen164
\caption@leftmargin=\dimen165
\caption@rightmargin=\dimen166
\caption@width=\dimen167
\caption@indent=\dimen168
\caption@parindent=\dimen169
\caption@hangindent=\dimen170
Package caption Info: Standard document class detected.
)
\c@caption@flags=\count301
\c@continuedfloat=\count302
)
(C:\Users\User\AppData\Local\Programs\MiKTeX\tex/latex/titlesec\titletoc.sty
Package: titletoc 2025/01/04 v2.17 TOC entries
\ttl@leftsep=\dimen171
)
(C:\Users\User\AppData\Local\Programs\MiKTeX\tex/latex/tocloft\tocloft.sty
Package: tocloft 2017/08/31 v2.3i parameterised ToC, etc., typesetting
Package tocloft Info: The document has chapter divisions on input line 51.
\cftparskip=\skip65
\cftbeforetoctitleskip=\skip66
\cftaftertoctitleskip=\skip67
\cftbeforepartskip=\skip68
\cftpartnumwidth=\skip69
\cftpartindent=\skip70
\cftbeforechapskip=\skip71
\cftchapindent=\skip72
\cftchapnumwidth=\skip73
\cftbeforesecskip=\skip74
\cftsecindent=\skip75
\cftsecnumwidth=\skip76
\cftbeforesubsecskip=\skip77
\cftsubsecindent=\skip78
\cftsubsecnumwidth=\skip79
\cftbeforesubsubsecskip=\skip80
\cftsubsubsecindent=\skip81
\cftsubsubsecnumwidth=\skip82
\cftbeforeparaskip=\skip83
\cftparaindent=\skip84
\cftparanumwidth=\skip85
\cftbeforesubparaskip=\skip86
\cftsubparaindent=\skip87
\cftsubparanumwidth=\skip88
\cftbeforeloftitleskip=\skip89
\cftafterloftitleskip=\skip90
\cftbeforefigskip=\skip91
\cftfigindent=\skip92
\cftfignumwidth=\skip93
\c@lofdepth=\count303
\c@lotdepth=\count304
\cftbeforelottitleskip=\skip94
\cftafterlottitleskip=\skip95
\cftbeforetabskip=\skip96
\cfttabindent=\skip97
\cfttabnumwidth=\skip98
)
(C:\Users\User\AppData\Local\Programs\MiKTeX\tex/latex/xcolor\xcolor.sty
Package: xcolor 2024/09/29 v3.02 LaTeX color extensions (UK)

(C:\Users\User\AppData\Local\Programs\MiKTeX\tex/latex/graphics-cfg\color.cfg
File: color.cfg 2016/01/02 v1.6 sample color configuration
)
Package xcolor Info: Driver file: pdftex.def on input line 274.
LaTeX Info: Redefining \color on input line 762.

(C:\Users\User\AppData\Local\Programs\MiKTeX\tex/latex/graphics\mathcolor.ltx)
Package xcolor Info: Model `cmy' substituted by `cmy0' on input line 1349.
Package xcolor Info: Model `hsb' substituted by `rgb' on input line 1353.
Package xcolor Info: Model `RGB' extended on input line 1365.
Package xcolor Info: Model `HTML' substituted by `rgb' on input line 1367.
Package xcolor Info: Model `Hsb' substituted by `hsb' on input line 1368.
Package xcolor Info: Model `tHsb' substituted by `hsb' on input line 1369.
Package xcolor Info: Model `HSB' substituted by `hsb' on input line 1370.
Package xcolor Info: Model `Gray' substituted by `gray' on input line 1371.
Package xcolor Info: Model `wave' substituted by `hsb' on input line 1372.
) (C:\Users\User\AppData\Local\Programs\MiKTeX\tex/latex/xpatch\xpatch.sty
(C:\Users\User\AppData\Local\Programs\MiKTeX\tex/latex/l3kernel\expl3.sty
Package: expl3 2025-09-02 L3 programming layer (loader) 

(C:\Users\User\AppData\Local\Programs\MiKTeX\tex/latex/l3backend\l3backend-pdft
ex.def
File: l3backend-pdftex.def 2025-06-09 L3 backend support: PDF output (pdfTeX)
\l__color_backend_stack_int=\count305
))
Package: xpatch 2020/03/25 v0.3a Extending etoolbox patching commands

(C:\Users\User\AppData\Local\Programs\MiKTeX\tex/latex/l3packages/xparse\xparse
.sty
Package: xparse 2024-08-16 L3 Experimental document command parser
)
(C:\Users\User\AppData\Local\Programs\MiKTeX\tex/latex/etoolbox\etoolbox.sty
Package: etoolbox 2025/02/11 v2.5l e-TeX tools for LaTeX (JAW)
\etb@tempcnta=\count306
))
(C:\Users\User\AppData\Local\Programs\MiKTeX\tex/latex/hyperref\hyperref.sty
Package: hyperref 2025-07-12 v7.01o Hypertext links for LaTeX

(C:\Users\User\AppData\Local\Programs\MiKTeX\tex/generic/iftex\iftex.sty
Package: iftex 2024/12/12 v1.0g TeX engine tests
)
(C:\Users\User\AppData\Local\Programs\MiKTeX\tex/latex/kvsetkeys\kvsetkeys.sty
Package: kvsetkeys 2022-10-05 v1.19 Key value parser (HO)
)
(C:\Users\User\AppData\Local\Programs\MiKTeX\tex/generic/kvdefinekeys\kvdefinek
eys.sty
Package: kvdefinekeys 2019-12-19 v1.6 Define keys (HO)
)
(C:\Users\User\AppData\Local\Programs\MiKTeX\tex/generic/pdfescape\pdfescape.st
y
Package: pdfescape 2019/12/09 v1.15 Implements pdfTeX's escape features (HO)
 (C:\Users\User\AppData\Local\Programs\MiKTeX\tex/generic/ltxcmds\ltxcmds.sty
Package: ltxcmds 2023-12-04 v1.26 LaTeX kernel commands for general use (HO)
)
(C:\Users\User\AppData\Local\Programs\MiKTeX\tex/generic/pdftexcmds\pdftexcmds.
sty
Package: pdftexcmds 2020-06-27 v0.33 Utility functions of pdfTeX for LuaTeX (HO
)

(C:\Users\User\AppData\Local\Programs\MiKTeX\tex/generic/infwarerr\infwarerr.st
y
Package: infwarerr 2019/12/03 v1.5 Providing info/warning/error messages (HO)
)
Package pdftexcmds Info: \pdf@primitive is available.
Package pdftexcmds Info: \pdf@ifprimitive is available.
Package pdftexcmds Info: \pdfdraftmode found.
)) (C:\Users\User\AppData\Local\Programs\MiKTeX\tex/latex/hycolor\hycolor.sty
Package: hycolor 2020-01-27 v1.10 Color options for hyperref/bookmark (HO)
) (C:\Users\User\AppData\Local\Programs\MiKTeX\tex/latex/hyperref\nameref.sty
Package: nameref 2025-06-21 v2.57 Cross-referencing by name of section

(C:\Users\User\AppData\Local\Programs\MiKTeX\tex/latex/refcount\refcount.sty
Package: refcount 2019/12/15 v3.6 Data extraction from label references (HO)
)
(C:\Users\User\AppData\Local\Programs\MiKTeX\tex/generic/gettitlestring\gettitl
estring.sty
Package: gettitlestring 2019/12/15 v1.6 Cleanup title references (HO)

(C:\Users\User\AppData\Local\Programs\MiKTeX\tex/latex/kvoptions\kvoptions.sty
Package: kvoptions 2022-06-15 v3.15 Key value format for package options (HO)
))
\c@section@level=\count307
)
(C:\Users\User\AppData\Local\Programs\MiKTeX\tex/generic/stringenc\stringenc.st
y
Package: stringenc 2019/11/29 v1.12 Convert strings between diff. encodings (HO
)
)
\@linkdim=\dimen172
\Hy@linkcounter=\count308
\Hy@pagecounter=\count309
 (C:\Users\User\AppData\Local\Programs\MiKTeX\tex/latex/hyperref\pd1enc.def
File: pd1enc.def 2025-07-12 v7.01o Hyperref: PDFDocEncoding definition (HO)
Now handling font encoding PD1 ...
... no UTF-8 mapping file for font encoding PD1
)
(C:\Users\User\AppData\Local\Programs\MiKTeX\tex/generic/intcalc\intcalc.sty
Package: intcalc 2019/12/15 v1.3 Expandable calculations with integers (HO)
)
\Hy@SavedSpaceFactor=\count310

(C:\Users\User\AppData\Local\Programs\MiKTeX\tex/latex/hyperref\puenc.def
File: puenc.def 2025-07-12 v7.01o Hyperref: PDF Unicode definition (HO)
Now handling font encoding PU ...
... no UTF-8 mapping file for font encoding PU
)
Package hyperref Info: Hyper figures OFF on input line 4195.
Package hyperref Info: Link nesting OFF on input line 4200.
Package hyperref Info: Hyper index ON on input line 4203.
Package hyperref Info: Plain pages OFF on input line 4210.
Package hyperref Info: Backreferencing OFF on input line 4215.
Package hyperref Info: Implicit mode ON; LaTeX internals redefined.
Package hyperref Info: Bookmarks ON on input line 4462.
\c@Hy@tempcnt=\count311

(C:\Users\User\AppData\Local\Programs\MiKTeX\tex/latex/url\url.sty
\Urlmuskip=\muskip18
Package: url 2013/09/16  ver 3.4  Verb mode for urls, etc.
)
LaTeX Info: Redefining \url on input line 4801.
\XeTeXLinkMargin=\dimen173

(C:\Users\User\AppData\Local\Programs\MiKTeX\tex/generic/bitset\bitset.sty
Package: bitset 2019/12/09 v1.3 Handle bit-vector datatype (HO)

(C:\Users\User\AppData\Local\Programs\MiKTeX\tex/generic/bigintcalc\bigintcalc.
sty
Package: bigintcalc 2019/12/15 v1.5 Expandable calculations on big integers (HO
)
))
\Fld@menulength=\count312
\Field@Width=\dimen174
\Fld@charsize=\dimen175
Package hyperref Info: Hyper figures OFF on input line 6078.
Package hyperref Info: Link nesting OFF on input line 6083.
Package hyperref Info: Hyper index ON on input line 6086.
Package hyperref Info: backreferencing OFF on input line 6093.
Package hyperref Info: Link coloring OFF on input line 6098.
Package hyperref Info: Link coloring with OCG OFF on input line 6103.
Package hyperref Info: PDF/A mode OFF on input line 6108.
\Hy@abspage=\count313
\c@Item=\count314
\c@Hfootnote=\count315
)
Package hyperref Info: Driver (autodetected): hpdftex.

(C:\Users\User\AppData\Local\Programs\MiKTeX\tex/latex/hyperref\hpdftex.def
File: hpdftex.def 2025-07-12 v7.01o Hyperref driver for pdfTeX
\Fld@listcount=\count316
\c@bookmark@seq@number=\count317

(C:\Users\User\AppData\Local\Programs\MiKTeX\tex/latex/rerunfilecheck\rerunfile
check.sty
Package: rerunfilecheck 2025-06-21 v1.11 Rerun checks for auxiliary files (HO)

(C:\Users\User\AppData\Local\Programs\MiKTeX\tex/generic/uniquecounter\uniqueco
unter.sty
Package: uniquecounter 2019/12/15 v1.4 Provide unlimited unique counter (HO)
)
Package uniquecounter Info: New unique counter `rerunfilecheck' on input line 2
84.
)
\Hy@SectionHShift=\skip99
)
(C:\Users\User\AppData\Local\Programs\MiKTeX\tex/latex/booktabs\booktabs.sty
Package: booktabs 2020/01/12 v1.61803398 Publication quality tables
\heavyrulewidth=\dimen176
\lightrulewidth=\dimen177
\cmidrulewidth=\dimen178
\belowrulesep=\dimen179
\belowbottomsep=\dimen180
\aboverulesep=\dimen181
\abovetopsep=\dimen182
\cmidrulesep=\dimen183
\cmidrulekern=\dimen184
\defaultaddspace=\dimen185
\@cmidla=\count318
\@cmidlb=\count319
\@aboverulesep=\dimen186
\@belowrulesep=\dimen187
\@thisruleclass=\count320
\@lastruleclass=\count321
\@thisrulewidth=\dimen188
)
(C:\Users\User\AppData\Local\Programs\MiKTeX\tex/latex/tools\longtable.sty
Package: longtable 2024-12-18 v4.23 Multi-page Table package (DPC)
\LTleft=\skip100
\LTright=\skip101
\LTpre=\skip102
\LTpost=\skip103
\LTchunksize=\count322
\LTcapwidth=\dimen189
\LT@head=\box58
\LT@firsthead=\box59
\LT@foot=\box60
\LT@lastfoot=\box61
\LT@gbox=\box62
\LT@cols=\count323
\LT@rows=\count324
\c@LT@tables=\count325
\c@LT@chunks=\count326
\LT@p@ftn=\toks27
)
\tocindent=\skip104
\c@myequations=\count327
\cftbeforemyequationsskip=\skip105
\cftmyequationsindent=\skip106
\cftmyequationsnumwidth=\skip107
\c@expdepth=\count328
\cftbeforeexptitleskip=\skip108
\cftafterexptitleskip=\skip109

(C:\Users\User\AppData\Local\Programs\MiKTeX\tex/latex/geometry\geometry.sty
Package: geometry 2020/01/02 v5.9 Page Geometry

(C:\Users\User\AppData\Local\Programs\MiKTeX\tex/generic/iftex\ifvtex.sty
Package: ifvtex 2019/10/25 v1.7 ifvtex legacy package. Use iftex instead.
)
\Gm@cnth=\count329
\Gm@cntv=\count330
\c@Gm@tempcnt=\count331
\Gm@bindingoffset=\dimen190
\Gm@wd@mp=\dimen191
\Gm@odd@mp=\dimen192
\Gm@even@mp=\dimen193
\Gm@layoutwidth=\dimen194
\Gm@layoutheight=\dimen195
\Gm@layouthoffset=\dimen196
\Gm@layoutvoffset=\dimen197
\Gm@dimlist=\toks28

(C:\Users\User\AppData\Local\Programs\MiKTeX\tex/latex/geometry\geometry.cfg)))
(basicinfo.tex)
(C:\Users\User\AppData\Local\Programs\MiKTeX\tex/latex/float\float.sty
Package: float 2001/11/08 v1.3d Float enhancements (AL)
\c@float@type=\count332
\float@exts=\toks29
\float@box=\box63
\@float@everytoks=\toks30
\@floatcapt=\box64
)
(C:\Users\User\AppData\Local\Programs\MiKTeX\tex/latex/topiclongtable\topiclong
table.sty
(C:\Users\User\AppData\Local\Programs\MiKTeX\tex/latex/zref\zref-abspage.sty
Package: zref-abspage 2025-06-08 v2.36 Module abspage for zref (HO)

(C:\Users\User\AppData\Local\Programs\MiKTeX\tex/latex/zref\zref-base.sty
Package: zref-base 2025-06-08 v2.36 Module base for zref (HO)

(C:\Users\User\AppData\Local\Programs\MiKTeX\tex/generic/etexcmds\etexcmds.sty
Package: etexcmds 2019/12/15 v1.7 Avoid name clashes with e-TeX commands (HO)
) (C:\Users\User\AppData\Local\Programs\MiKTeX\tex/latex/auxhook\auxhook.sty
Package: auxhook 2019-12-17 v1.6 Hooks for auxiliary files (HO)
)
Package zref Info: New property list: main on input line 767.
Package zref Info: New property: default on input line 768.
Package zref Info: New property: page on input line 769.
)
\c@abspage=\count333
Package zref Info: New property: abspage on input line 67.
)
(C:\Users\User\AppData\Local\Programs\MiKTeX\tex/latex/multirow\multirow.sty
Package: multirow 2024/11/12 v2.9 Span multiple rows of a table
\multirow@colwidth=\skip110
\multirow@cntb=\count334
\multirow@dima=\skip111
\bigstrutjot=\dimen198
)
Package: topiclongtable 2020/04/12 v1.3.2 Renders autocollapsing cells in longt
ables
\g_tlt_row_idx_int=\count335
\g_tlt_col_idx_int=\count336
\g_tlt_col_tot_int=\count337
)
(C:\Users\User\AppData\Local\Programs\MiKTeX\tex/latex/chngcntr\chngcntr.sty
Package: chngcntr 2018/04/09 v1.1a change counter resetting
Package chngcntr Info: \counterwithout already defined.
(chngcntr)             Quitting chngcntr on input line 21.
)
(thesis.aux (chapter1.aux) (chapter2.aux) (chapter3.aux) (appendix.aux)
(bibliography.aux))
\openout1 = `thesis.aux'.

LaTeX Font Info:    Checking defaults for OML/cmm/m/it on input line 41.
LaTeX Font Info:    ... okay on input line 41.
LaTeX Font Info:    Checking defaults for OMS/cmsy/m/n on input line 41.
LaTeX Font Info:    ... okay on input line 41.
LaTeX Font Info:    Checking defaults for OT1/cmr/m/n on input line 41.
LaTeX Font Info:    ... okay on input line 41.
LaTeX Font Info:    Checking defaults for T1/cmr/m/n on input line 41.
LaTeX Font Info:    ... okay on input line 41.
LaTeX Font Info:    Checking defaults for TS1/cmr/m/n on input line 41.
LaTeX Font Info:    ... okay on input line 41.
LaTeX Font Info:    Checking defaults for OMX/cmex/m/n on input line 41.
LaTeX Font Info:    ... okay on input line 41.
LaTeX Font Info:    Checking defaults for U/cmr/m/n on input line 41.
LaTeX Font Info:    ... okay on input line 41.
LaTeX Font Info:    Checking defaults for PD1/pdf/m/n on input line 41.
LaTeX Font Info:    ... okay on input line 41.
LaTeX Font Info:    Checking defaults for PU/pdf/m/n on input line 41.
LaTeX Font Info:    ... okay on input line 41.

(C:\Users\User\AppData\Local\Programs\MiKTeX\tex/context/base/mkii\supp-pdf.mki
i
[Loading MPS to PDF converter (version 2006.09.02).]
\scratchcounter=\count338
\scratchdimen=\dimen199
\scratchbox=\box65
\nofMPsegments=\count339
\nofMParguments=\count340
\everyMPshowfont=\toks31
\MPscratchCnt=\count341
\MPscratchDim=\dimen256
\MPnumerator=\count342
\makeMPintoPDFobject=\count343
\everyMPtoPDFconversion=\toks32
)
(C:\Users\User\AppData\Local\Programs\MiKTeX\tex/latex/epstopdf-pkg\epstopdf-ba
se.sty
Package: epstopdf-base 2020-01-24 v2.11 Base part for package epstopdf
Package epstopdf-base Info: Redefining graphics rule for `.eps' on input line 4
85.

(C:\Users\User\AppData\Local\Programs\MiKTeX\tex/latex/00miktex\epstopdf-sys.cf
g
File: epstopdf-sys.cfg 2021/03/18 v2.0 Configuration of epstopdf for MiKTeX
))
\c@maskedRefs=\count344
 (C:\Users\User\AppData\Local\Programs\MiKTeX\tex/latex/apacite\english.apc
File: english.apc 2013/07/21 v6.03 apacite language file
LaTeX Info: Redefining \BPBI on input line 129.
LaTeX Info: Redefining \BHBI on input line 130.
)
Package caption Info: Begin \AtBeginDocument code.
Package caption Info: float package is loaded.
Package caption Info: hyperref package is loaded.
Package caption Info: longtable package is loaded.
(C:\Users\User\AppData\Local\Programs\MiKTeX\tex/latex/caption\ltcaption.sty
Package: ltcaption 2021/01/08 v1.4c longtable captions (AR)
)
Package caption Info: End \AtBeginDocument code.
Package hyperref Info: Link coloring OFF on input line 41.

(thesis.out) (thesis.out)
\@outlinefile=\write3
\openout3 = `thesis.out'.


*geometry* driver: auto-detecting
*geometry* detected driver: pdftex
*geometry* verbose mode - [ preamble ] result:
* driver: pdftex
* paper: <default>
* layout: <same size as paper>
* layoutoffset:(h,v)=(0.0pt,0.0pt)
* modes: 
* h-part:(L,W,R)=(126.47249pt, 397.48502pt, 90.3375pt)
* v-part:(T,H,B)=(130.08621pt, 574.54628pt, 90.3375pt)
* \paperwidth=614.295pt
* \paperheight=794.96999pt
* \textwidth=397.48502pt
* \textheight=574.54628pt
* \oddsidemargin=54.2025pt
* \evensidemargin=54.2025pt
* \topmargin=20.81622pt
* \headheight=12.0pt
* \headsep=25.0pt
* \topskip=12.0pt
* \footskip=30.0pt
* \marginparwidth=44.0pt
* \marginparsep=10.0pt
* \columnsep=10.0pt
* \skip\footins=10.8pt plus 4.0pt minus 2.0pt
* \hoffset=0.0pt
* \voffset=0.0pt
* \mag=1000
* \@twocolumnfalse
* \@twosidefalse
* \@mparswitchfalse
* \@reversemarginfalse
* (1in=72.27pt=25.4mm, 1cm=28.453pt)

\g_tlt_stream_iow=\write4
\openout4 = `thesis.tlt'.

(titlepage.tex)

[1


{C:/Users/User/AppData/Local/MiKTeX/fonts/map/pdftex/pdftex.map}] (thesis.toc
LaTeX Font Info:    Trying to load font information for U+msa on input line 2.
(C:\Users\User\AppData\Local\Programs\MiKTeX\tex/latex/amsfonts\umsa.fd
File: umsa.fd 2013/01/14 v3.01 AMS symbols A
)
LaTeX Font Info:    Trying to load font information for U+msb on input line 2.

(C:\Users\User\AppData\Local\Programs\MiKTeX\tex/latex/amsfonts\umsb.fd
File: umsb.fd 2013/01/14 v3.01 AMS symbols B
)
LaTeX Font Info:    Trying to load font information for U+rsfs on input line 2.


(C:\Users\User\AppData\Local\Programs\MiKTeX\tex/latex/jknappen\ursfs.fd
File: ursfs.fd 1998/03/24 rsfs font definition file (jk)
)
LaTeX Font Info:    Trying to load font information for U+lasy on input line 2.


(C:\Users\User\AppData\Local\Programs\MiKTeX\tex/latex/base\ulasy.fd
File: ulasy.fd 1998/08/17 v2.2e LaTeX symbol font definitions
)
LaTeX Font Info:    Trying to load font information for U+wasy on input line 2.


(C:\Users\User\AppData\Local\Programs\MiKTeX\tex/latex/wasysym\uwasy.fd
File: uwasy.fd 2020/01/19 v2.4 Wasy-2 symbol font definitions
)

[2

])
\tf@toc=\write5
\openout5 = `thesis.toc'.



[3] (thesis.lot

Package natbib Warning: Citation `Salvador' on page iv undefined on input line 
4.


Package natbib Warning: Citation `2024' on page iv undefined on input line 4.


Overfull \hbox (6.68303pt too wide) in paragraph at lines 4--4
 [][] [][]\OT1/cmr/m/n/12 Parameters for Dif-fer-ent Gra-di-ent Boost-ing Al-go
-rithms 
 []

)
\tf@lot=\write6
\openout6 = `thesis.lot'.



[4

] (thesis.lof
Overfull \hbox (5.1622pt too wide) in paragraph at lines 13--13
 [][] [][]\OT1/cmr/m/n/12 Context-Level Di-a-gram Be-tween the Sys-tem And Agri
- 
 []


Overfull \hbox (9.5705pt too wide) in paragraph at lines 14--14
 [][] [][]\OT1/cmr/m/n/12 Context-Level Di-a-gram Be-tween the Sys-tem And Farm
- 
 []

)
\tf@lof=\write7
\openout7 = `thesis.lof'.



[5

] (thesis.exp)
\tf@exp=\write8
\openout8 = `thesis.exp'.



[6

]
\openout2 = `chapter1.aux'.

 (chapter1.tex
Chapter 1.


[1


]

[2]

[3]

[4]

[5]

[6]

[7]

[8]

[9]

pdfTeX warning: pdflatex.exe (file ./figures/IPO.pdf): PDF inclusion: found PDF
 version <1.7>, but at most version <1.5> allowed
<figures/IPO.pdf, id=383, 449.76028pt x 153.6942pt>
File: figures/IPO.pdf Graphic file (type pdf)
<use figures/IPO.pdf>
Package pdftex.def Info: figures/IPO.pdf  used on input line 66.
(pdftex.def)             Requested size: 397.48502pt x 135.8329pt.


[10 <./figures/IPO.pdf>]

[11]

[12]
<figures/PrecisionAgriculture.pdf, id=411, 1244.65pt x 1229.25642pt>
File: figures/PrecisionAgriculture.pdf Graphic file (type pdf)
<use figures/PrecisionAgriculture.pdf>
Package pdftex.def Info: figures/PrecisionAgriculture.pdf  used on input line 8
5.
(pdftex.def)             Requested size: 278.2383pt x 274.78885pt.


[13 <./figures/PrecisionAgriculture.pdf>]

[14]
Overfull \hbox (7.93819pt too wide) in paragraph at lines 107--108
[]\OT1/cmr/m/n/12 The in-te-gra-tion of con-nected sen-
 []


Overfull \hbox (0.72195pt too wide) in paragraph at lines 113--114
[]\OT1/cmr/m/n/12 A decision-making ap-proach
 []



[15]

[16])

[17]
\openout2 = `chapter2.aux'.

 (chapter2.tex
Chapter 2.


[18




]

[19]

[20]

[21]

[22]

Package natbib Warning: Citation `Salvador' on page 23 undefined on input line 
34.


Package natbib Warning: Citation `2024' on page 23 undefined on input line 34.



[23]

[24]

[25]

[26]

[27]

[28]

[29]

[30]

[31]

[32])

[33]
\openout2 = `chapter3.aux'.

 (chapter3.tex
Chapter 3.


pdfTeX warning: pdflatex.exe (file ./figures/ResearchDesign.pdf): PDF inclusion
: found PDF version <1.7>, but at most version <1.5> allowed
<figures/ResearchDesign.pdf, id=508, 439.33134pt x 240.66914pt>
File: figures/ResearchDesign.pdf Graphic file (type pdf)
<use figures/ResearchDesign.pdf>
Package pdftex.def Info: figures/ResearchDesign.pdf  used on input line 11.
(pdftex.def)             Requested size: 397.48502pt x 217.75333pt.


[34




]

[35 <./figures/ResearchDesign.pdf>]

[36]

[37]

pdfTeX warning: pdflatex.exe (file ./figures/ResearchSetting.pdf): PDF inclusio
n: found PDF version <1.7>, but at most version <1.5> allowed
<figures/ResearchSetting.pdf, id=535, 845.1575pt x 597.23125pt>
File: figures/ResearchSetting.pdf Graphic file (type pdf)
<use figures/ResearchSetting.pdf>
Package pdftex.def Info: figures/ResearchSetting.pdf  used on input line 36.
(pdftex.def)             Requested size: 397.48502pt x 280.89009pt.


[38]

[39 <./figures/ResearchSetting.pdf>]

[40]
Underfull \hbox (badness 10000) in paragraph at lines 75--75
[]|\OT1/cmr/m/n/12 Department of
 []



[41]

[42] [43]

[44]

pdfTeX warning: pdflatex.exe (file ./figures/SYSARCH.pdf): PDF inclusion: found
 PDF version <1.7>, but at most version <1.5> allowed
<figures/SYSARCH.pdf, id=571, 1011.78pt x 325.215pt>
File: figures/SYSARCH.pdf Graphic file (type pdf)
<use figures/SYSARCH.pdf>
Package pdftex.def Info: figures/SYSARCH.pdf  used on input line 143.
(pdftex.def)             Requested size: 397.48502pt x 127.76627pt.


[45]

[46 <./figures/SYSARCH.pdf>]

[47]

pdfTeX warning: pdflatex.exe (file ./figures/SystemFlowchart.pdf): PDF inclusio
n: found PDF version <1.7>, but at most version <1.5> allowed
<figures/SystemFlowchart.pdf, id=624, 564.73987pt x 324.82352pt>
File: figures/SystemFlowchart.pdf Graphic file (type pdf)
<use figures/SystemFlowchart.pdf>
Package pdftex.def Info: figures/SystemFlowchart.pdf  used on input line 158.
(pdftex.def)             Requested size: 397.48502pt x 228.62888pt.


[48 <./figures/SystemFlowchart.pdf>]

[49]

[50]

pdfTeX warning: pdflatex.exe (file ./figures/soft flow.pdf): PDF inclusion: fou
nd PDF version <1.7>, but at most version <1.5> allowed
<figures/soft flow.pdf, id=654, 505.89pt x 361.35pt>
File: figures/soft flow.pdf Graphic file (type pdf)
<use figures/soft flow.pdf>
Package pdftex.def Info: figures/soft flow.pdf  used on input line 173.
(pdftex.def)             Requested size: 397.48502pt x 283.92503pt.


[51 <./figures/soft flow.pdf>]

[52]

pdfTeX warning: pdflatex.exe (file ./figures/web flow.pdf): PDF inclusion: foun
d PDF version <1.7>, but at most version <1.5> allowed
<figures/web flow.pdf, id=673, 505.89pt x 325.215pt>
File: figures/web flow.pdf Graphic file (type pdf)
<use figures/web flow.pdf>
Package pdftex.def Info: figures/web flow.pdf  used on input line 186.
(pdftex.def)             Requested size: 397.48502pt x 255.53253pt.


[53]

[54 <./figures/web flow.pdf>]

[55]
Overfull \hbox (8.16283pt too wide) in paragraph at lines 196--197
[]\OT1/cmr/m/n/12 The Context-Level Di-a-gram pro-vides a high-level view of ho
w the TANIM
 []



pdfTeX warning: pdflatex.exe (file ./figures/cldWEB.pdf): PDF inclusion: found 
PDF version <1.7>, but at most version <1.5> allowed
<figures/cldWEB.pdf, id=697, 542.025pt x 216.81pt>
File: figures/cldWEB.pdf Graphic file (type pdf)
<use figures/cldWEB.pdf>
Package pdftex.def Info: figures/cldWEB.pdf  used on input line 202.
(pdftex.def)             Requested size: 397.48502pt x 158.99779pt.


[56 <./figures/cldWEB.pdf>]

pdfTeX warning: pdflatex.exe (file ./figures/cldMOB.pdf): PDF inclusion: found 
PDF version <1.7>, but at most version <1.5> allowed
<figures/cldMOB.pdf, id=717, 542.025pt x 216.81pt>
File: figures/cldMOB.pdf Graphic file (type pdf)
<use figures/cldMOB.pdf>
Package pdftex.def Info: figures/cldMOB.pdf  used on input line 211.
(pdftex.def)             Requested size: 397.48502pt x 158.99779pt.


[57 <./figures/cldMOB.pdf>]

pdfTeX warning: pdflatex.exe (file ./figures/DFD.pdf): PDF inclusion: found PDF
 version <1.7>, but at most version <1.5> allowed
<figures/DFD.pdf, id=737, 505.89pt x 216.81pt>
File: figures/DFD.pdf Graphic file (type pdf)
<use figures/DFD.pdf>
Package pdftex.def Info: figures/DFD.pdf  used on input line 223.
(pdftex.def)             Requested size: 397.48502pt x 170.35501pt.


[58 <./figures/DFD.pdf>]

pdfTeX warning: pdflatex.exe (file ./figures/FarmerUseCase.pdf): PDF inclusion:
 found PDF version <1.7>, but at most version <1.5> allowed
<figures/FarmerUseCase.pdf, id=752, 227.63042pt x 393.86148pt>
File: figures/FarmerUseCase.pdf Graphic file (type pdf)
<use figures/FarmerUseCase.pdf>
Package pdftex.def Info: figures/FarmerUseCase.pdf  used on input line 235.
(pdftex.def)             Requested size: 198.74251pt x 343.88272pt.


[59]

[60 <./figures/FarmerUseCase.pdf>]

pdfTeX warning: pdflatex.exe (file ./figures/DAUseCase.pdf): PDF inclusion: fou
nd PDF version <1.7>, but at most version <1.5> allowed
<figures/DAUseCase.pdf, id=771, 397.39467pt x 390.11748pt>
File: figures/DAUseCase.pdf Graphic file (type pdf)
<use figures/DAUseCase.pdf>
Package pdftex.def Info: figures/DAUseCase.pdf  used on input line 244.
(pdftex.def)             Requested size: 397.48502pt x 390.22366pt.


[61]

[62 <./figures/DAUseCase.pdf>]

pdfTeX warning: pdflatex.exe (file ./figures/hardwarediagram.pdf): PDF inclusio
n: found PDF version <1.7>, but at most version <1.5> allowed
<figures/hardwarediagram.pdf, id=796, 501.36308pt x 176.33879pt>
File: figures/hardwarediagram.pdf Graphic file (type pdf)
<use figures/hardwarediagram.pdf>
Package pdftex.def Info: figures/hardwarediagram.pdf  used on input line 254.
(pdftex.def)             Requested size: 397.48502pt x 139.80658pt.


[63 <./figures/hardwarediagram.pdf>]
<figures/3D.pdf, id=811, 159.52298pt x 218.685pt>
File: figures/3D.pdf Graphic file (type pdf)
<use figures/3D.pdf>
Package pdftex.def Info: figures/3D.pdf  used on input line 266.
(pdftex.def)             Requested size: 198.74251pt x 272.46129pt.


[64 <./figures/3D.pdf>]

[65]

[66]

[67]

[68]

[69]

[70]

[71]

[72]

[73])

[74]
\openout2 = `appendix.aux'.

 (appendix.tex

[75




]
Underfull \hbox (badness 10000) in paragraph at lines 21--21
[]|\OT1/cmr/bx/n/12 Test
 []


Underfull \hbox (badness 10000) in paragraph at lines 21--21
\OT1/cmr/bx/n/12 Case
 []


Underfull \hbox (badness 5175) in paragraph at lines 24--24
[]|\OT1/cmr/m/n/12 Sensor ac-ti-vates and
 []


Underfull \hbox (badness 7907) in paragraph at lines 25--25
[]|\OT1/cmr/m/n/12 The sen-sor cap-tures
 []


Underfull \hbox (badness 1127) in paragraph at lines 26--26
[]|\OT1/cmr/m/n/12 Multiple read-ings un-
 []


Underfull \hbox (badness 1117) in paragraph at lines 27--27
[]|\OT1/cmr/m/n/12 Data pack-ets suc-cess-
 []


Underfull \hbox (badness 10000) in paragraph at lines 28--28
[]|\OT1/cmr/m/n/12 The LoRa mod-ule
 []


Underfull \hbox (badness 4291) in paragraph at lines 28--28
[]|\OT1/cmr/m/n/12 Data suc-cess-fully re-
 []


Underfull \hbox (badness 1412) in paragraph at lines 29--29
[]|\OT1/cmr/m/n/12 Database shows com-
 []


Overfull \hbox (140.03749pt too wide) in paragraph at lines 19--31
 [][] 
 []


Underfull \hbox (badness 10000) in paragraph at lines 44--44
[]|\OT1/cmr/m/n/12 Crop rec-om-men-da-tion
 []


Underfull \hbox (badness 1097) in paragraph at lines 44--44
[]|\OT1/cmr/m/n/12 App sug-gests ap-pro-pri-
 []


Underfull \hbox (badness 10000) in paragraph at lines 45--45
[]|\OT1/cmr/m/n/12 Fertilizer rec-om-men-da-
 []


Underfull \hbox (badness 4096) in paragraph at lines 45--45
\OT1/cmr/m/n/12 tion with dosage and
 []


Underfull \hbox (badness 7344) in paragraph at lines 45--45
[]|\OT1/cmr/m/n/12 Correct fer-til-izer type
 []


Underfull \hbox (badness 1038) in paragraph at lines 47--47
[]|\OT1/cmr/m/n/12 Offline mode and data
 []


Underfull \hbox (badness 7576) in paragraph at lines 48--48
[]|\OT1/cmr/m/n/12 Farm in-for-ma-tion up-
 []


Underfull \hbox (badness 7925) in paragraph at lines 48--48
[]|\OT1/cmr/m/n/12 Farmers can add/edit
 []


Overfull \hbox (205.8175pt too wide) in paragraph at lines 37--50
 [][] 
 []



[76]
Underfull \hbox (badness 10000) in paragraph at lines 62--62
[]|\OT1/cmr/m/n/12 Real-time soil health
 []


Underfull \hbox (badness 1377) in paragraph at lines 62--62
[]|\OT1/cmr/m/n/12 Data from sen-sors up-
 []


Underfull \hbox (badness 1783) in paragraph at lines 64--64
[]|\OT1/cmr/m/n/12 Officials can view and
 []


Underfull \hbox (badness 1102) in paragraph at lines 65--65
[]|\OT1/cmr/m/n/12 Crop rules and rec-om-
 []


Overfull \hbox (205.8175pt too wide) in paragraph at lines 56--68
 [][] 
 []



[77]
Underfull \hbox (badness 2269) in paragraph at lines 79--79
[]|\OT1/cmr/m/n/12 Data moves seam-lessly
 []


Underfull \hbox (badness 1226) in paragraph at lines 80--80
[]|\OT1/cmr/m/n/12 System dis-plays proper
 []


Underfull \hbox (badness 5954) in paragraph at lines 81--81
[]|\OT1/cmr/m/n/12 Only au-tho-rized users
 []


Overfull \hbox (205.8175pt too wide) in paragraph at lines 74--84
 [][] 
 []



[78]
Overfull \hbox (5.03146pt too wide) in paragraph at lines 94--110
 [][] 
 []



[79]

[80]

[81]

[82]

[83]

[84]

[85]

[86]

[87]

[88]

[89]

[90])

[91]
\openout2 = `bibliography.aux'.

 (bibliography.tex (thesis.bbl

Package natbib Warning: Empty `thebibliography' environment on input line 3.

))

[92




]

Package natbib Warning: There were undefined citations.

(thesis.aux (chapter1.aux) (chapter2.aux) (chapter3.aux) (appendix.aux)
(bibliography.aux))
 ***********
LaTeX2e <2025-06-01> patch level 1
L3 programming layer <2020/03/25>
 ***********
Package rerunfilecheck Info: File `thesis.out' has not changed.
(rerunfilecheck)             Checksum: D6A06C7183D891E35DD01AA12482AE9C;8498.
 ) 
Here is how much of TeX's memory you used:
 15515 strings out of 468130
 249243 string characters out of 5431117
 676579 words of memory out of 5000000
 43639 multiletter control sequences out of 15000+600000
 634792 words of font info for 73 fonts, out of 8000000 for 9000
 1141 hyphenation exceptions out of 8191
 80i,11n,82p,2236b,650s stack positions out of 10000i,1000n,20000p,200000b,200000s
 <C:\Users\User\AppData\Local\MiKTeX\fonts/pk/ljfour/jknappen/ec/dpi600\tcbx1
200.pk> <C:\Users\User\AppData\Local\MiKTeX\fonts/pk/ljfour/jknappen/ec/dpi600\
tcrm1200.pk><C:/Users/User/AppData/Local/Programs/MiKTeX/fonts/type1/public/ams
fonts/cm/cmbx12.pfb><C:/Users/User/AppData/Local/Programs/MiKTeX/fonts/type1/pu
blic/amsfonts/cm/cmex10.pfb><C:/Users/User/AppData/Local/Programs/MiKTeX/fonts/
type1/public/amsfonts/cm/cmmi12.pfb><C:/Users/User/AppData/Local/Programs/MiKTe
X/fonts/type1/public/amsfonts/cm/cmmi8.pfb><C:/Users/User/AppData/Local/Program
s/MiKTeX/fonts/type1/public/amsfonts/cm/cmr12.pfb><C:/Users/User/AppData/Local/
Programs/MiKTeX/fonts/type1/public/amsfonts/cm/cmr8.pfb><C:/Users/User/AppData/
Local/Programs/MiKTeX/fonts/type1/public/amsfonts/cm/cmsy10.pfb><C:/Users/User/
AppData/Local/Programs/MiKTeX/fonts/type1/public/amsfonts/cm/cmti12.pfb><C:/Use
rs/User/AppData/Local/Programs/MiKTeX/fonts/type1/public/amsfonts/cm/cmtt12.pfb
>
Output written on thesis.pdf (98 pages, 16158982 bytes).
PDF statistics:
 1048 PDF objects out of 1200 (max. 8388607)
 191 named destinations out of 1000 (max. 500000)
 500 words of extra memory for PDF output out of 10000 (max. 10000000)

